2022-06-23 11:05:17.730  INFO [Aggregator Seguros,,] 21348 --- [main] c.f.a.i.InsurancesAggregationApplication : Starting InsurancesAggregationApplication using Java 17.0.3 on LAPTOP-O76JKOR4 with PID 21348 (D:\git-minsait\InsurancesAggregation\target\classes started by josem in D:\git-minsait\InsurancesAggregation)
2022-06-23 11:05:17.734  INFO [Aggregator Seguros,,] 21348 --- [main] c.f.a.i.InsurancesAggregationApplication : No active profile set, falling back to 1 default profile: "default"
2022-06-23 11:05:19.101  INFO [Aggregator Seguros,,] 21348 --- [main] .s.d.r.c.RepositoryConfigurationDelegate : Multiple Spring Data modules found, entering strict repository configuration mode!
2022-06-23 11:05:19.106  INFO [Aggregator Seguros,,] 21348 --- [main] .s.d.r.c.RepositoryConfigurationDelegate : Bootstrapping Spring Data JPA repositories in DEFAULT mode.
2022-06-23 11:05:19.270  INFO [Aggregator Seguros,,] 21348 --- [main] .s.d.r.c.RepositoryConfigurationDelegate : Finished Spring Data repository scanning in 154 ms. Found 3 JPA repository interfaces.
2022-06-23 11:05:19.288  INFO [Aggregator Seguros,,] 21348 --- [main] .s.d.r.c.RepositoryConfigurationDelegate : Multiple Spring Data modules found, entering strict repository configuration mode!
2022-06-23 11:05:19.290  INFO [Aggregator Seguros,,] 21348 --- [main] .s.d.r.c.RepositoryConfigurationDelegate : Bootstrapping Spring Data Redis repositories in DEFAULT mode.
2022-06-23 11:05:19.309  INFO [Aggregator Seguros,,] 21348 --- [main] .RepositoryConfigurationExtensionSupport : Spring Data Redis - Could not safely identify store assignment for repository candidate interface com.fpnatools.aggregation.insurances.framework.repository.ExecutionRepository. If you want this repository to be a Redis repository, consider annotating your entities with one of these annotations: org.springframework.data.redis.core.RedisHash (preferred), or consider extending one of the following types with your repository: org.springframework.data.keyvalue.repository.KeyValueRepository.
2022-06-23 11:05:19.310  INFO [Aggregator Seguros,,] 21348 --- [main] .RepositoryConfigurationExtensionSupport : Spring Data Redis - Could not safely identify store assignment for repository candidate interface com.fpnatools.aggregation.insurances.framework.repository.InsuranceCompanyRepository. If you want this repository to be a Redis repository, consider annotating your entities with one of these annotations: org.springframework.data.redis.core.RedisHash (preferred), or consider extending one of the following types with your repository: org.springframework.data.keyvalue.repository.KeyValueRepository.
2022-06-23 11:05:19.312  INFO [Aggregator Seguros,,] 21348 --- [main] .RepositoryConfigurationExtensionSupport : Spring Data Redis - Could not safely identify store assignment for repository candidate interface com.fpnatools.aggregation.insurances.framework.repository.UserRepository. If you want this repository to be a Redis repository, consider annotating your entities with one of these annotations: org.springframework.data.redis.core.RedisHash (preferred), or consider extending one of the following types with your repository: org.springframework.data.keyvalue.repository.KeyValueRepository.
2022-06-23 11:05:19.312  INFO [Aggregator Seguros,,] 21348 --- [main] .s.d.r.c.RepositoryConfigurationDelegate : Finished Spring Data repository scanning in 12 ms. Found 0 Redis repository interfaces.
2022-06-23 11:05:19.528  INFO [Aggregator Seguros,,] 21348 --- [main] faultConfiguringBeanFactoryPostProcessor : No bean named 'errorChannel' has been explicitly defined. Therefore, a default PublishSubscribeChannel will be created.
2022-06-23 11:05:19.542  INFO [Aggregator Seguros,,] 21348 --- [main] faultConfiguringBeanFactoryPostProcessor : No bean named 'integrationHeaderChannelRegistry' has been explicitly defined. Therefore, a default DefaultHeaderChannelRegistry will be created.
2022-06-23 11:05:19.663  INFO [Aggregator Seguros,,] 21348 --- [main] o.s.cloud.context.scope.GenericScope     : BeanFactory id=e73611df-5a26-372a-94cc-ecdd3c77a875
2022-06-23 11:05:20.026  INFO [Aggregator Seguros,,] 21348 --- [main] trationDelegate$BeanPostProcessorChecker : Bean 'org.springframework.integration.config.IntegrationManagementConfiguration' of type [org.springframework.integration.config.IntegrationManagementConfiguration] is not eligible for getting processed by all BeanPostProcessors (for example: not eligible for auto-proxying)
2022-06-23 11:05:20.052  INFO [Aggregator Seguros,,] 21348 --- [main] trationDelegate$BeanPostProcessorChecker : Bean 'integrationChannelResolver' of type [org.springframework.integration.support.channel.BeanFactoryChannelResolver] is not eligible for getting processed by all BeanPostProcessors (for example: not eligible for auto-proxying)
2022-06-23 11:05:20.618  INFO [Aggregator Seguros,,] 21348 --- [main] o.s.b.w.embedded.tomcat.TomcatWebServer  : Tomcat initialized with port(s): 9090 (http)
2022-06-23 11:05:20.632  INFO [Aggregator Seguros,,] 21348 --- [main] o.apache.catalina.core.StandardService   : Starting service [Tomcat]
2022-06-23 11:05:20.632  INFO [Aggregator Seguros,,] 21348 --- [main] org.apache.catalina.core.StandardEngine  : Starting Servlet engine: [Apache Tomcat/9.0.63]
2022-06-23 11:05:20.787  INFO [Aggregator Seguros,,] 21348 --- [main] o.a.c.c.C.[Tomcat].[localhost].[/]       : Initializing Spring embedded WebApplicationContext
2022-06-23 11:05:20.787  INFO [Aggregator Seguros,,] 21348 --- [main] w.s.c.ServletWebServerApplicationContext : Root WebApplicationContext: initialization completed in 2759 ms
2022-06-23 11:05:21.229  INFO [Aggregator Seguros,,] 21348 --- [main] o.hibernate.jpa.internal.util.LogHelper  : HHH000204: Processing PersistenceUnitInfo [name: default]
2022-06-23 11:05:21.279  INFO [Aggregator Seguros,,] 21348 --- [main] org.hibernate.Version                    : HHH000412: Hibernate ORM core version 5.6.9.Final
2022-06-23 11:05:21.445  INFO [Aggregator Seguros,,] 21348 --- [main] o.hibernate.annotations.common.Version   : HCANN000001: Hibernate Commons Annotations {5.1.2.Final}
2022-06-23 11:05:21.548  INFO [Aggregator Seguros,,] 21348 --- [main] com.zaxxer.hikari.HikariDataSource       : HikariPool-1 - Starting...
2022-06-23 11:05:21.724  INFO [Aggregator Seguros,,] 21348 --- [main] com.zaxxer.hikari.HikariDataSource       : HikariPool-1 - Start completed.
2022-06-23 11:05:21.758  INFO [Aggregator Seguros,,] 21348 --- [main] org.hibernate.dialect.Dialect            : HHH000400: Using dialect: org.hibernate.dialect.PostgreSQL10Dialect
2022-06-23 11:05:22.624  INFO [Aggregator Seguros,,] 21348 --- [main] o.h.e.t.j.p.i.JtaPlatformInitiator       : HHH000490: Using JtaPlatform implementation: [org.hibernate.engine.transaction.jta.platform.internal.NoJtaPlatform]
2022-06-23 11:05:22.633  INFO [Aggregator Seguros,,] 21348 --- [main] j.LocalContainerEntityManagerFactoryBean : Initialized JPA EntityManagerFactory for persistence unit 'default'
2022-06-23 11:05:23.818  INFO [Aggregator Seguros,,] 21348 --- [main] o.s.s.web.DefaultSecurityFilterChain     : Will secure any request with [org.springframework.security.web.session.DisableEncodeUrlFilter@1a983294, org.springframework.security.web.context.request.async.WebAsyncManagerIntegrationFilter@209ab1d7, org.springframework.security.web.context.SecurityContextPersistenceFilter@5ce9c9e8, org.springframework.security.web.header.HeaderWriterFilter@27311c99, org.springframework.security.web.authentication.logout.LogoutFilter@7e7ee3b7, com.fpnatools.aggregation.insurances.framework.filters.RequestValidationFilter@3c488b34, org.springframework.security.web.authentication.www.BasicAuthenticationFilter@63513c1c, org.springframework.security.web.savedrequest.RequestCacheAwareFilter@7be2f512, org.springframework.security.web.servletapi.SecurityContextHolderAwareRequestFilter@59845cb3, org.springframework.security.web.authentication.AnonymousAuthenticationFilter@7937f96e, org.springframework.security.web.session.SessionManagementFilter@37e9d191, org.springframework.security.web.access.ExceptionTranslationFilter@2806fe58, org.springframework.security.web.access.intercept.AuthorizationFilter@2ff4d61b]
2022-06-23 11:05:24.005  WARN [Aggregator Seguros,,] 21348 --- [main] JpaBaseConfiguration$JpaWebConfiguration : spring.jpa.open-in-view is enabled by default. Therefore, database queries may be performed during view rendering. Explicitly configure spring.jpa.open-in-view to disable this warning
2022-06-23 11:05:28.203  INFO [Aggregator Seguros,,] 21348 --- [main] o.s.cloud.commons.util.InetUtils         : Cannot determine local hostname
2022-06-23 11:05:28.517  INFO [Aggregator Seguros,,] 21348 --- [main] o.s.i.endpoint.EventDrivenConsumer       : Adding {logging-channel-adapter:_org.springframework.integration.errorLogger} as a subscriber to the 'errorChannel' channel
2022-06-23 11:05:28.518  INFO [Aggregator Seguros,,] 21348 --- [main] o.s.i.channel.PublishSubscribeChannel    : Channel 'Aggregator Seguros.errorChannel' has 1 subscriber(s).
2022-06-23 11:05:28.520  INFO [Aggregator Seguros,,] 21348 --- [main] o.s.i.endpoint.EventDrivenConsumer       : started bean '_org.springframework.integration.errorLogger'
2022-06-23 11:05:28.520  INFO [Aggregator Seguros,,] 21348 --- [main] o.s.i.endpoint.EventDrivenConsumer       : Adding {service-activator} as a subscriber to the 'executionsChannel' channel
2022-06-23 11:05:28.520  INFO [Aggregator Seguros,,] 21348 --- [main] o.s.integration.channel.ExecutorChannel  : Channel 'Aggregator Seguros.executionsChannel' has 1 subscriber(s).
2022-06-23 11:05:28.521  INFO [Aggregator Seguros,,] 21348 --- [main] o.s.i.endpoint.EventDrivenConsumer       : started bean 'executionsFlow.org.springframework.integration.config.ConsumerEndpointFactoryBean#0'; defined in: 'class path resource [com/fpnatools/aggregation/insurances/framework/config/IntegrationConfig.class]'; from source: 'bean method executionsFlow'
2022-06-23 11:05:28.551  INFO [Aggregator Seguros,,] 21348 --- [main] o.s.b.w.embedded.tomcat.TomcatWebServer  : Tomcat started on port(s): 9090 (http) with context path ''
2022-06-23 11:05:31.177  INFO [Aggregator Seguros,,] 21348 --- [main] o.s.cloud.commons.util.InetUtils         : Cannot determine local hostname
2022-06-23 11:05:31.194  INFO [Aggregator Seguros,,] 21348 --- [main] c.f.a.i.InsurancesAggregationApplication : Started InsurancesAggregationApplication in 16.505 seconds (JVM running for 17.002)
2022-06-23 11:05:31.199  INFO [Aggregator Seguros,,] 21348 --- [main] c.f.a.i.framework.config.StartupConfig   : Initialing startup logic:Aggregator Seguros
2022-06-23 11:08:55.687  INFO [Aggregator Seguros,2f10996dc703bbbd,2f10996dc703bbbd] 21348 --- [http-nio-9090-exec-1] o.a.c.c.C.[Tomcat].[localhost].[/]       : Initializing Spring DispatcherServlet 'dispatcherServlet'
2022-06-23 11:08:55.688  INFO [Aggregator Seguros,2f10996dc703bbbd,2f10996dc703bbbd] 21348 --- [http-nio-9090-exec-1] o.s.web.servlet.DispatcherServlet        : Initializing Servlet 'dispatcherServlet'
2022-06-23 11:08:55.692  INFO [Aggregator Seguros,2f10996dc703bbbd,2f10996dc703bbbd] 21348 --- [http-nio-9090-exec-1] o.s.web.servlet.DispatcherServlet        : Completed initialization in 2 ms
2022-06-23 11:08:56.101  WARN [Aggregator Seguros,2f10996dc703bbbd,2f10996dc703bbbd] 21348 --- [http-nio-9090-exec-1] o.a.c.util.SessionIdGeneratorBase        : Creation of SecureRandom instance for session ID generation using [SHA1PRNG] took [114] milliseconds.
2022-06-23 11:08:56.581  INFO [Aggregator Seguros,2f10996dc703bbbd,f18588434a411712] 21348 --- [pool-1-thread-1] o.s.i.h.s.MessagingMethodInvokerHelper   : Overriding default instance of MessageHandlerMethodFactory with provided one.
2022-06-23 11:08:56.676  INFO [Aggregator Seguros,2f10996dc703bbbd,f18588434a411712] 21348 --- [pool-1-thread-1] .f.a.i.a.u.i.ProcessExecutionUseCaseImpl : Processing new execution:ExecutionRequestDTO(entityName=Mapfre, credentials={username=25717234f, password=L34f4r2x}, executionId=12)
2022-06-23 11:08:59.084  INFO [Aggregator Seguros,2f10996dc703bbbd,f18588434a411712] 21348 --- [pool-1-thread-1] .f.a.i.a.u.i.ProcessExecutionUseCaseImpl : Execution 12 finished
2022-06-23 11:09:27.225  INFO [Aggregator Seguros,,] 21348 --- [SpringApplicationShutdownHook] o.s.i.endpoint.EventDrivenConsumer       : Removing {service-activator} as a subscriber to the 'executionsChannel' channel
2022-06-23 11:09:27.226  INFO [Aggregator Seguros,,] 21348 --- [SpringApplicationShutdownHook] o.s.integration.channel.ExecutorChannel  : Channel 'Aggregator Seguros.executionsChannel' has 0 subscriber(s).
2022-06-23 11:09:27.229  INFO [Aggregator Seguros,,] 21348 --- [SpringApplicationShutdownHook] o.s.i.endpoint.EventDrivenConsumer       : stopped bean 'executionsFlow.org.springframework.integration.config.ConsumerEndpointFactoryBean#0'; defined in: 'class path resource [com/fpnatools/aggregation/insurances/framework/config/IntegrationConfig.class]'; from source: 'bean method executionsFlow'
2022-06-23 11:09:27.229  INFO [Aggregator Seguros,,] 21348 --- [SpringApplicationShutdownHook] o.s.i.endpoint.EventDrivenConsumer       : Removing {logging-channel-adapter:_org.springframework.integration.errorLogger} as a subscriber to the 'errorChannel' channel
2022-06-23 11:09:27.230  INFO [Aggregator Seguros,,] 21348 --- [SpringApplicationShutdownHook] o.s.i.channel.PublishSubscribeChannel    : Channel 'Aggregator Seguros.errorChannel' has 0 subscriber(s).
2022-06-23 11:09:27.231  INFO [Aggregator Seguros,,] 21348 --- [SpringApplicationShutdownHook] o.s.i.endpoint.EventDrivenConsumer       : stopped bean '_org.springframework.integration.errorLogger'
2022-06-23 11:09:27.361  INFO [Aggregator Seguros,,] 21348 --- [SpringApplicationShutdownHook] j.LocalContainerEntityManagerFactoryBean : Closing JPA EntityManagerFactory for persistence unit 'default'
2022-06-23 11:09:27.364  INFO [Aggregator Seguros,,] 21348 --- [SpringApplicationShutdownHook] com.zaxxer.hikari.HikariDataSource       : HikariPool-1 - Shutdown initiated...
2022-06-23 11:09:27.371  INFO [Aggregator Seguros,,] 21348 --- [SpringApplicationShutdownHook] com.zaxxer.hikari.HikariDataSource       : HikariPool-1 - Shutdown completed.
2022-06-23 11:09:35.859  INFO [Aggregator Seguros,,] 17444 --- [main] c.f.a.i.InsurancesAggregationApplication : Starting InsurancesAggregationApplication using Java 17.0.3 on LAPTOP-O76JKOR4 with PID 17444 (D:\git-minsait\InsurancesAggregation\target\classes started by josem in D:\git-minsait\InsurancesAggregation)
2022-06-23 11:09:35.863  INFO [Aggregator Seguros,,] 17444 --- [main] c.f.a.i.InsurancesAggregationApplication : No active profile set, falling back to 1 default profile: "default"
2022-06-23 11:09:37.040  INFO [Aggregator Seguros,,] 17444 --- [main] .s.d.r.c.RepositoryConfigurationDelegate : Multiple Spring Data modules found, entering strict repository configuration mode!
2022-06-23 11:09:37.042  INFO [Aggregator Seguros,,] 17444 --- [main] .s.d.r.c.RepositoryConfigurationDelegate : Bootstrapping Spring Data JPA repositories in DEFAULT mode.
2022-06-23 11:09:37.189  INFO [Aggregator Seguros,,] 17444 --- [main] .s.d.r.c.RepositoryConfigurationDelegate : Finished Spring Data repository scanning in 138 ms. Found 3 JPA repository interfaces.
2022-06-23 11:09:37.207  INFO [Aggregator Seguros,,] 17444 --- [main] .s.d.r.c.RepositoryConfigurationDelegate : Multiple Spring Data modules found, entering strict repository configuration mode!
2022-06-23 11:09:37.208  INFO [Aggregator Seguros,,] 17444 --- [main] .s.d.r.c.RepositoryConfigurationDelegate : Bootstrapping Spring Data Redis repositories in DEFAULT mode.
2022-06-23 11:09:37.226  INFO [Aggregator Seguros,,] 17444 --- [main] .RepositoryConfigurationExtensionSupport : Spring Data Redis - Could not safely identify store assignment for repository candidate interface com.fpnatools.aggregation.insurances.framework.repository.ExecutionRepository. If you want this repository to be a Redis repository, consider annotating your entities with one of these annotations: org.springframework.data.redis.core.RedisHash (preferred), or consider extending one of the following types with your repository: org.springframework.data.keyvalue.repository.KeyValueRepository.
2022-06-23 11:09:37.228  INFO [Aggregator Seguros,,] 17444 --- [main] .RepositoryConfigurationExtensionSupport : Spring Data Redis - Could not safely identify store assignment for repository candidate interface com.fpnatools.aggregation.insurances.framework.repository.InsuranceCompanyRepository. If you want this repository to be a Redis repository, consider annotating your entities with one of these annotations: org.springframework.data.redis.core.RedisHash (preferred), or consider extending one of the following types with your repository: org.springframework.data.keyvalue.repository.KeyValueRepository.
2022-06-23 11:09:37.231  INFO [Aggregator Seguros,,] 17444 --- [main] .RepositoryConfigurationExtensionSupport : Spring Data Redis - Could not safely identify store assignment for repository candidate interface com.fpnatools.aggregation.insurances.framework.repository.UserRepository. If you want this repository to be a Redis repository, consider annotating your entities with one of these annotations: org.springframework.data.redis.core.RedisHash (preferred), or consider extending one of the following types with your repository: org.springframework.data.keyvalue.repository.KeyValueRepository.
2022-06-23 11:09:37.231  INFO [Aggregator Seguros,,] 17444 --- [main] .s.d.r.c.RepositoryConfigurationDelegate : Finished Spring Data repository scanning in 13 ms. Found 0 Redis repository interfaces.
2022-06-23 11:09:37.437  INFO [Aggregator Seguros,,] 17444 --- [main] faultConfiguringBeanFactoryPostProcessor : No bean named 'errorChannel' has been explicitly defined. Therefore, a default PublishSubscribeChannel will be created.
2022-06-23 11:09:37.454  INFO [Aggregator Seguros,,] 17444 --- [main] faultConfiguringBeanFactoryPostProcessor : No bean named 'integrationHeaderChannelRegistry' has been explicitly defined. Therefore, a default DefaultHeaderChannelRegistry will be created.
2022-06-23 11:09:37.579  INFO [Aggregator Seguros,,] 17444 --- [main] o.s.cloud.context.scope.GenericScope     : BeanFactory id=e73611df-5a26-372a-94cc-ecdd3c77a875
2022-06-23 11:09:37.966  INFO [Aggregator Seguros,,] 17444 --- [main] trationDelegate$BeanPostProcessorChecker : Bean 'org.springframework.integration.config.IntegrationManagementConfiguration' of type [org.springframework.integration.config.IntegrationManagementConfiguration] is not eligible for getting processed by all BeanPostProcessors (for example: not eligible for auto-proxying)
2022-06-23 11:09:37.988  INFO [Aggregator Seguros,,] 17444 --- [main] trationDelegate$BeanPostProcessorChecker : Bean 'integrationChannelResolver' of type [org.springframework.integration.support.channel.BeanFactoryChannelResolver] is not eligible for getting processed by all BeanPostProcessors (for example: not eligible for auto-proxying)
2022-06-23 11:09:38.498  INFO [Aggregator Seguros,,] 17444 --- [main] o.s.b.w.embedded.tomcat.TomcatWebServer  : Tomcat initialized with port(s): 9090 (http)
2022-06-23 11:09:38.509  INFO [Aggregator Seguros,,] 17444 --- [main] o.apache.catalina.core.StandardService   : Starting service [Tomcat]
2022-06-23 11:09:38.510  INFO [Aggregator Seguros,,] 17444 --- [main] org.apache.catalina.core.StandardEngine  : Starting Servlet engine: [Apache Tomcat/9.0.63]
2022-06-23 11:09:38.686  INFO [Aggregator Seguros,,] 17444 --- [main] o.a.c.c.C.[Tomcat].[localhost].[/]       : Initializing Spring embedded WebApplicationContext
2022-06-23 11:09:38.687  INFO [Aggregator Seguros,,] 17444 --- [main] w.s.c.ServletWebServerApplicationContext : Root WebApplicationContext: initialization completed in 2552 ms
2022-06-23 11:09:39.175  INFO [Aggregator Seguros,,] 17444 --- [main] o.hibernate.jpa.internal.util.LogHelper  : HHH000204: Processing PersistenceUnitInfo [name: default]
2022-06-23 11:09:39.248  INFO [Aggregator Seguros,,] 17444 --- [main] org.hibernate.Version                    : HHH000412: Hibernate ORM core version 5.6.9.Final
2022-06-23 11:09:39.414  INFO [Aggregator Seguros,,] 17444 --- [main] o.hibernate.annotations.common.Version   : HCANN000001: Hibernate Commons Annotations {5.1.2.Final}
2022-06-23 11:09:39.514  INFO [Aggregator Seguros,,] 17444 --- [main] com.zaxxer.hikari.HikariDataSource       : HikariPool-1 - Starting...
2022-06-23 11:09:39.700  INFO [Aggregator Seguros,,] 17444 --- [main] com.zaxxer.hikari.HikariDataSource       : HikariPool-1 - Start completed.
2022-06-23 11:09:39.735  INFO [Aggregator Seguros,,] 17444 --- [main] org.hibernate.dialect.Dialect            : HHH000400: Using dialect: org.hibernate.dialect.PostgreSQL10Dialect
2022-06-23 11:09:40.491  INFO [Aggregator Seguros,,] 17444 --- [main] o.h.e.t.j.p.i.JtaPlatformInitiator       : HHH000490: Using JtaPlatform implementation: [org.hibernate.engine.transaction.jta.platform.internal.NoJtaPlatform]
2022-06-23 11:09:40.500  INFO [Aggregator Seguros,,] 17444 --- [main] j.LocalContainerEntityManagerFactoryBean : Initialized JPA EntityManagerFactory for persistence unit 'default'
2022-06-23 11:09:41.621  INFO [Aggregator Seguros,,] 17444 --- [main] o.s.s.web.DefaultSecurityFilterChain     : Will secure any request with [org.springframework.security.web.session.DisableEncodeUrlFilter@4a29520e, org.springframework.security.web.context.request.async.WebAsyncManagerIntegrationFilter@1b5a3bba, org.springframework.security.web.context.SecurityContextPersistenceFilter@6915b614, org.springframework.security.web.header.HeaderWriterFilter@e870ac9, org.springframework.security.web.authentication.logout.LogoutFilter@5a004dd4, com.fpnatools.aggregation.insurances.framework.filters.RequestValidationFilter@bd273b2, org.springframework.security.web.authentication.www.BasicAuthenticationFilter@6237927a, org.springframework.security.web.savedrequest.RequestCacheAwareFilter@2e8417ea, org.springframework.security.web.servletapi.SecurityContextHolderAwareRequestFilter@688e6d4e, org.springframework.security.web.authentication.AnonymousAuthenticationFilter@3a9a12a1, org.springframework.security.web.session.SessionManagementFilter@5da20b76, org.springframework.security.web.access.ExceptionTranslationFilter@254a9f65, org.springframework.security.web.access.intercept.AuthorizationFilter@446dc997]
2022-06-23 11:09:41.818  WARN [Aggregator Seguros,,] 17444 --- [main] JpaBaseConfiguration$JpaWebConfiguration : spring.jpa.open-in-view is enabled by default. Therefore, database queries may be performed during view rendering. Explicitly configure spring.jpa.open-in-view to disable this warning
2022-06-23 11:09:45.905  INFO [Aggregator Seguros,,] 17444 --- [main] o.s.cloud.commons.util.InetUtils         : Cannot determine local hostname
2022-06-23 11:09:46.147  INFO [Aggregator Seguros,,] 17444 --- [main] o.s.i.endpoint.EventDrivenConsumer       : Adding {logging-channel-adapter:_org.springframework.integration.errorLogger} as a subscriber to the 'errorChannel' channel
2022-06-23 11:09:46.148  INFO [Aggregator Seguros,,] 17444 --- [main] o.s.i.channel.PublishSubscribeChannel    : Channel 'Aggregator Seguros.errorChannel' has 1 subscriber(s).
2022-06-23 11:09:46.152  INFO [Aggregator Seguros,,] 17444 --- [main] o.s.i.endpoint.EventDrivenConsumer       : started bean '_org.springframework.integration.errorLogger'
2022-06-23 11:09:46.152  INFO [Aggregator Seguros,,] 17444 --- [main] o.s.i.endpoint.EventDrivenConsumer       : Adding {service-activator} as a subscriber to the 'executionsChannel' channel
2022-06-23 11:09:46.154  INFO [Aggregator Seguros,,] 17444 --- [main] o.s.integration.channel.ExecutorChannel  : Channel 'Aggregator Seguros.executionsChannel' has 1 subscriber(s).
2022-06-23 11:09:46.155  INFO [Aggregator Seguros,,] 17444 --- [main] o.s.i.endpoint.EventDrivenConsumer       : started bean 'executionsFlow.org.springframework.integration.config.ConsumerEndpointFactoryBean#0'; defined in: 'class path resource [com/fpnatools/aggregation/insurances/framework/config/IntegrationConfig.class]'; from source: 'bean method executionsFlow'
2022-06-23 11:09:46.196  INFO [Aggregator Seguros,,] 17444 --- [main] o.s.b.w.embedded.tomcat.TomcatWebServer  : Tomcat started on port(s): 9090 (http) with context path ''
2022-06-23 11:09:48.735  INFO [Aggregator Seguros,,] 17444 --- [main] o.s.cloud.commons.util.InetUtils         : Cannot determine local hostname
2022-06-23 11:09:48.752  INFO [Aggregator Seguros,,] 17444 --- [main] c.f.a.i.InsurancesAggregationApplication : Started InsurancesAggregationApplication in 15.852 seconds (JVM running for 16.335)
2022-06-23 11:09:48.756  INFO [Aggregator Seguros,,] 17444 --- [main] c.f.a.i.framework.config.StartupConfig   : Initialing startup logic:Aggregator Seguros
2022-06-23 11:13:22.287  INFO [Aggregator Seguros,,] 17444 --- [SpringApplicationShutdownHook] o.s.i.endpoint.EventDrivenConsumer       : Removing {service-activator} as a subscriber to the 'executionsChannel' channel
2022-06-23 11:13:22.288  INFO [Aggregator Seguros,,] 17444 --- [SpringApplicationShutdownHook] o.s.integration.channel.ExecutorChannel  : Channel 'Aggregator Seguros.executionsChannel' has 0 subscriber(s).
2022-06-23 11:13:22.290  INFO [Aggregator Seguros,,] 17444 --- [SpringApplicationShutdownHook] o.s.i.endpoint.EventDrivenConsumer       : stopped bean 'executionsFlow.org.springframework.integration.config.ConsumerEndpointFactoryBean#0'; defined in: 'class path resource [com/fpnatools/aggregation/insurances/framework/config/IntegrationConfig.class]'; from source: 'bean method executionsFlow'
2022-06-23 11:13:22.291  INFO [Aggregator Seguros,,] 17444 --- [SpringApplicationShutdownHook] o.s.i.endpoint.EventDrivenConsumer       : Removing {logging-channel-adapter:_org.springframework.integration.errorLogger} as a subscriber to the 'errorChannel' channel
2022-06-23 11:13:22.291  INFO [Aggregator Seguros,,] 17444 --- [SpringApplicationShutdownHook] o.s.i.channel.PublishSubscribeChannel    : Channel 'Aggregator Seguros.errorChannel' has 0 subscriber(s).
2022-06-23 11:13:22.291  INFO [Aggregator Seguros,,] 17444 --- [SpringApplicationShutdownHook] o.s.i.endpoint.EventDrivenConsumer       : stopped bean '_org.springframework.integration.errorLogger'
2022-06-23 11:13:22.308  INFO [Aggregator Seguros,,] 17444 --- [SpringApplicationShutdownHook] j.LocalContainerEntityManagerFactoryBean : Closing JPA EntityManagerFactory for persistence unit 'default'
2022-06-23 11:13:22.311  INFO [Aggregator Seguros,,] 17444 --- [SpringApplicationShutdownHook] com.zaxxer.hikari.HikariDataSource       : HikariPool-1 - Shutdown initiated...
2022-06-23 11:13:22.319  INFO [Aggregator Seguros,,] 17444 --- [SpringApplicationShutdownHook] com.zaxxer.hikari.HikariDataSource       : HikariPool-1 - Shutdown completed.
2022-06-23 11:13:30.346  INFO [Aggregator Seguros,,] 28160 --- [main] c.f.a.i.InsurancesAggregationApplication : Starting InsurancesAggregationApplication using Java 17.0.3 on LAPTOP-O76JKOR4 with PID 28160 (D:\git-minsait\InsurancesAggregation\target\classes started by josem in D:\git-minsait\InsurancesAggregation)
2022-06-23 11:13:30.351  INFO [Aggregator Seguros,,] 28160 --- [main] c.f.a.i.InsurancesAggregationApplication : No active profile set, falling back to 1 default profile: "default"
2022-06-23 11:13:31.511  INFO [Aggregator Seguros,,] 28160 --- [main] .s.d.r.c.RepositoryConfigurationDelegate : Multiple Spring Data modules found, entering strict repository configuration mode!
2022-06-23 11:13:31.513  INFO [Aggregator Seguros,,] 28160 --- [main] .s.d.r.c.RepositoryConfigurationDelegate : Bootstrapping Spring Data JPA repositories in DEFAULT mode.
2022-06-23 11:13:31.659  INFO [Aggregator Seguros,,] 28160 --- [main] .s.d.r.c.RepositoryConfigurationDelegate : Finished Spring Data repository scanning in 137 ms. Found 3 JPA repository interfaces.
2022-06-23 11:13:31.674  INFO [Aggregator Seguros,,] 28160 --- [main] .s.d.r.c.RepositoryConfigurationDelegate : Multiple Spring Data modules found, entering strict repository configuration mode!
2022-06-23 11:13:31.677  INFO [Aggregator Seguros,,] 28160 --- [main] .s.d.r.c.RepositoryConfigurationDelegate : Bootstrapping Spring Data Redis repositories in DEFAULT mode.
2022-06-23 11:13:31.695  INFO [Aggregator Seguros,,] 28160 --- [main] .RepositoryConfigurationExtensionSupport : Spring Data Redis - Could not safely identify store assignment for repository candidate interface com.fpnatools.aggregation.insurances.framework.repository.ExecutionRepository. If you want this repository to be a Redis repository, consider annotating your entities with one of these annotations: org.springframework.data.redis.core.RedisHash (preferred), or consider extending one of the following types with your repository: org.springframework.data.keyvalue.repository.KeyValueRepository.
2022-06-23 11:13:31.696  INFO [Aggregator Seguros,,] 28160 --- [main] .RepositoryConfigurationExtensionSupport : Spring Data Redis - Could not safely identify store assignment for repository candidate interface com.fpnatools.aggregation.insurances.framework.repository.InsuranceCompanyRepository. If you want this repository to be a Redis repository, consider annotating your entities with one of these annotations: org.springframework.data.redis.core.RedisHash (preferred), or consider extending one of the following types with your repository: org.springframework.data.keyvalue.repository.KeyValueRepository.
2022-06-23 11:13:31.697  INFO [Aggregator Seguros,,] 28160 --- [main] .RepositoryConfigurationExtensionSupport : Spring Data Redis - Could not safely identify store assignment for repository candidate interface com.fpnatools.aggregation.insurances.framework.repository.UserRepository. If you want this repository to be a Redis repository, consider annotating your entities with one of these annotations: org.springframework.data.redis.core.RedisHash (preferred), or consider extending one of the following types with your repository: org.springframework.data.keyvalue.repository.KeyValueRepository.
2022-06-23 11:13:31.698  INFO [Aggregator Seguros,,] 28160 --- [main] .s.d.r.c.RepositoryConfigurationDelegate : Finished Spring Data repository scanning in 12 ms. Found 0 Redis repository interfaces.
2022-06-23 11:13:31.897  INFO [Aggregator Seguros,,] 28160 --- [main] faultConfiguringBeanFactoryPostProcessor : No bean named 'errorChannel' has been explicitly defined. Therefore, a default PublishSubscribeChannel will be created.
2022-06-23 11:13:31.909  INFO [Aggregator Seguros,,] 28160 --- [main] faultConfiguringBeanFactoryPostProcessor : No bean named 'integrationHeaderChannelRegistry' has been explicitly defined. Therefore, a default DefaultHeaderChannelRegistry will be created.
2022-06-23 11:13:32.020  INFO [Aggregator Seguros,,] 28160 --- [main] o.s.cloud.context.scope.GenericScope     : BeanFactory id=e73611df-5a26-372a-94cc-ecdd3c77a875
2022-06-23 11:13:32.351  INFO [Aggregator Seguros,,] 28160 --- [main] trationDelegate$BeanPostProcessorChecker : Bean 'org.springframework.integration.config.IntegrationManagementConfiguration' of type [org.springframework.integration.config.IntegrationManagementConfiguration] is not eligible for getting processed by all BeanPostProcessors (for example: not eligible for auto-proxying)
2022-06-23 11:13:32.372  INFO [Aggregator Seguros,,] 28160 --- [main] trationDelegate$BeanPostProcessorChecker : Bean 'integrationChannelResolver' of type [org.springframework.integration.support.channel.BeanFactoryChannelResolver] is not eligible for getting processed by all BeanPostProcessors (for example: not eligible for auto-proxying)
2022-06-23 11:13:32.854  INFO [Aggregator Seguros,,] 28160 --- [main] o.s.b.w.embedded.tomcat.TomcatWebServer  : Tomcat initialized with port(s): 9090 (http)
2022-06-23 11:13:32.865  INFO [Aggregator Seguros,,] 28160 --- [main] o.apache.catalina.core.StandardService   : Starting service [Tomcat]
2022-06-23 11:13:32.865  INFO [Aggregator Seguros,,] 28160 --- [main] org.apache.catalina.core.StandardEngine  : Starting Servlet engine: [Apache Tomcat/9.0.63]
2022-06-23 11:13:33.025  INFO [Aggregator Seguros,,] 28160 --- [main] o.a.c.c.C.[Tomcat].[localhost].[/]       : Initializing Spring embedded WebApplicationContext
2022-06-23 11:13:33.026  INFO [Aggregator Seguros,,] 28160 --- [main] w.s.c.ServletWebServerApplicationContext : Root WebApplicationContext: initialization completed in 2384 ms
2022-06-23 11:13:33.455  INFO [Aggregator Seguros,,] 28160 --- [main] o.hibernate.jpa.internal.util.LogHelper  : HHH000204: Processing PersistenceUnitInfo [name: default]
2022-06-23 11:13:33.505  INFO [Aggregator Seguros,,] 28160 --- [main] org.hibernate.Version                    : HHH000412: Hibernate ORM core version 5.6.9.Final
2022-06-23 11:13:33.657  INFO [Aggregator Seguros,,] 28160 --- [main] o.hibernate.annotations.common.Version   : HCANN000001: Hibernate Commons Annotations {5.1.2.Final}
2022-06-23 11:13:33.769  INFO [Aggregator Seguros,,] 28160 --- [main] com.zaxxer.hikari.HikariDataSource       : HikariPool-1 - Starting...
2022-06-23 11:13:33.949  INFO [Aggregator Seguros,,] 28160 --- [main] com.zaxxer.hikari.HikariDataSource       : HikariPool-1 - Start completed.
2022-06-23 11:13:33.984  INFO [Aggregator Seguros,,] 28160 --- [main] org.hibernate.dialect.Dialect            : HHH000400: Using dialect: org.hibernate.dialect.PostgreSQL10Dialect
2022-06-23 11:13:34.778  INFO [Aggregator Seguros,,] 28160 --- [main] o.h.e.t.j.p.i.JtaPlatformInitiator       : HHH000490: Using JtaPlatform implementation: [org.hibernate.engine.transaction.jta.platform.internal.NoJtaPlatform]
2022-06-23 11:13:34.789  INFO [Aggregator Seguros,,] 28160 --- [main] j.LocalContainerEntityManagerFactoryBean : Initialized JPA EntityManagerFactory for persistence unit 'default'
2022-06-23 11:13:36.116  INFO [Aggregator Seguros,,] 28160 --- [main] o.s.s.web.DefaultSecurityFilterChain     : Will secure any request with [org.springframework.security.web.session.DisableEncodeUrlFilter@4ca50bb9, org.springframework.security.web.context.request.async.WebAsyncManagerIntegrationFilter@16817bad, org.springframework.security.web.context.SecurityContextPersistenceFilter@61c946a0, org.springframework.security.web.header.HeaderWriterFilter@63ee2891, org.springframework.security.web.authentication.logout.LogoutFilter@1da53092, com.fpnatools.aggregation.insurances.framework.filters.RequestValidationFilter@3866c96e, org.springframework.security.web.authentication.www.BasicAuthenticationFilter@544faa01, org.springframework.security.web.savedrequest.RequestCacheAwareFilter@57629340, org.springframework.security.web.servletapi.SecurityContextHolderAwareRequestFilter@66d9c846, org.springframework.security.web.authentication.AnonymousAuthenticationFilter@301c0aae, org.springframework.security.web.session.SessionManagementFilter@5a4833ab, org.springframework.security.web.access.ExceptionTranslationFilter@48971262, org.springframework.security.web.access.intercept.AuthorizationFilter@6c7f3af6]
2022-06-23 11:13:36.293  WARN [Aggregator Seguros,,] 28160 --- [main] JpaBaseConfiguration$JpaWebConfiguration : spring.jpa.open-in-view is enabled by default. Therefore, database queries may be performed during view rendering. Explicitly configure spring.jpa.open-in-view to disable this warning
2022-06-23 11:13:40.334  INFO [Aggregator Seguros,,] 28160 --- [main] o.s.cloud.commons.util.InetUtils         : Cannot determine local hostname
2022-06-23 11:13:40.640  INFO [Aggregator Seguros,,] 28160 --- [main] o.s.i.endpoint.EventDrivenConsumer       : Adding {logging-channel-adapter:_org.springframework.integration.errorLogger} as a subscriber to the 'errorChannel' channel
2022-06-23 11:13:40.641  INFO [Aggregator Seguros,,] 28160 --- [main] o.s.i.channel.PublishSubscribeChannel    : Channel 'Aggregator Seguros.errorChannel' has 1 subscriber(s).
2022-06-23 11:13:40.643  INFO [Aggregator Seguros,,] 28160 --- [main] o.s.i.endpoint.EventDrivenConsumer       : started bean '_org.springframework.integration.errorLogger'
2022-06-23 11:13:40.643  INFO [Aggregator Seguros,,] 28160 --- [main] o.s.i.endpoint.EventDrivenConsumer       : Adding {service-activator} as a subscriber to the 'executionsChannel' channel
2022-06-23 11:13:40.644  INFO [Aggregator Seguros,,] 28160 --- [main] o.s.integration.channel.ExecutorChannel  : Channel 'Aggregator Seguros.executionsChannel' has 1 subscriber(s).
2022-06-23 11:13:40.644  INFO [Aggregator Seguros,,] 28160 --- [main] o.s.i.endpoint.EventDrivenConsumer       : started bean 'executionsFlow.org.springframework.integration.config.ConsumerEndpointFactoryBean#0'; defined in: 'class path resource [com/fpnatools/aggregation/insurances/framework/config/IntegrationConfig.class]'; from source: 'bean method executionsFlow'
2022-06-23 11:13:40.694  INFO [Aggregator Seguros,,] 28160 --- [main] o.s.b.w.embedded.tomcat.TomcatWebServer  : Tomcat started on port(s): 9090 (http) with context path ''
2022-06-23 11:13:43.170  INFO [Aggregator Seguros,,] 28160 --- [main] o.s.cloud.commons.util.InetUtils         : Cannot determine local hostname
2022-06-23 11:13:43.198  INFO [Aggregator Seguros,,] 28160 --- [main] c.f.a.i.InsurancesAggregationApplication : Started InsurancesAggregationApplication in 15.881 seconds (JVM running for 16.365)
2022-06-23 11:13:43.200  INFO [Aggregator Seguros,,] 28160 --- [main] c.f.a.i.framework.config.StartupConfig   : Initialing startup logic:Aggregator Seguros
2022-06-23 11:25:44.309  INFO [Aggregator Seguros,,] 28160 --- [SpringApplicationShutdownHook] o.s.i.endpoint.EventDrivenConsumer       : Removing {service-activator} as a subscriber to the 'executionsChannel' channel
2022-06-23 11:25:44.310  INFO [Aggregator Seguros,,] 28160 --- [SpringApplicationShutdownHook] o.s.integration.channel.ExecutorChannel  : Channel 'Aggregator Seguros.executionsChannel' has 0 subscriber(s).
2022-06-23 11:25:44.312  INFO [Aggregator Seguros,,] 28160 --- [SpringApplicationShutdownHook] o.s.i.endpoint.EventDrivenConsumer       : stopped bean 'executionsFlow.org.springframework.integration.config.ConsumerEndpointFactoryBean#0'; defined in: 'class path resource [com/fpnatools/aggregation/insurances/framework/config/IntegrationConfig.class]'; from source: 'bean method executionsFlow'
2022-06-23 11:25:44.313  INFO [Aggregator Seguros,,] 28160 --- [SpringApplicationShutdownHook] o.s.i.endpoint.EventDrivenConsumer       : Removing {logging-channel-adapter:_org.springframework.integration.errorLogger} as a subscriber to the 'errorChannel' channel
2022-06-23 11:25:44.313  INFO [Aggregator Seguros,,] 28160 --- [SpringApplicationShutdownHook] o.s.i.channel.PublishSubscribeChannel    : Channel 'Aggregator Seguros.errorChannel' has 0 subscriber(s).
2022-06-23 11:25:44.314  INFO [Aggregator Seguros,,] 28160 --- [SpringApplicationShutdownHook] o.s.i.endpoint.EventDrivenConsumer       : stopped bean '_org.springframework.integration.errorLogger'
2022-06-23 11:25:44.334  INFO [Aggregator Seguros,,] 28160 --- [SpringApplicationShutdownHook] j.LocalContainerEntityManagerFactoryBean : Closing JPA EntityManagerFactory for persistence unit 'default'
2022-06-23 11:25:44.338  INFO [Aggregator Seguros,,] 28160 --- [SpringApplicationShutdownHook] com.zaxxer.hikari.HikariDataSource       : HikariPool-1 - Shutdown initiated...
2022-06-23 11:25:44.345  INFO [Aggregator Seguros,,] 28160 --- [SpringApplicationShutdownHook] com.zaxxer.hikari.HikariDataSource       : HikariPool-1 - Shutdown completed.
